<?xml version="1.0" encoding="UTF-8"?>
<testng-results skipped="0" failed="1" ignored="0" total="1" passed="0">
  <reporter-output>
  </reporter-output>
  <suite name="Suite" duration-ms="3139" started-at="2019-05-14T11:58:45Z" finished-at="2019-05-14T11:58:48Z">
    <groups>
    </groups>
    <test name="Test" duration-ms="3139" started-at="2019-05-14T11:58:45Z" finished-at="2019-05-14T11:58:48Z">
      <class name="BlueStone2">
        <test-method status="FAIL" signature="Script2()[pri:0, instance:BlueStone2@100fc185]" name="Script2" duration-ms="3117" started-at="2019-05-14T11:58:45Z" finished-at="2019-05-14T11:58:48Z">
          <exception class="java.lang.NoClassDefFoundError">
            <message>
              <![CDATA[com/aventstack/extentreports/reporter/ExtentHtmlReporter]]>
            </message>
            <full-stacktrace>
              <![CDATA[java.lang.NoClassDefFoundError: com/aventstack/extentreports/reporter/ExtentHtmlReporter
at BlueStone2.Script2(BlueStone2.java:20)
at sun.reflect.NativeMethodAccessorImpl.invoke0(Native Method)
at sun.reflect.NativeMethodAccessorImpl.invoke(Unknown Source)
at sun.reflect.DelegatingMethodAccessorImpl.invoke(Unknown Source)
at java.lang.reflect.Method.invoke(Unknown Source)
at org.testng.internal.MethodInvocationHelper.invokeMethod(MethodInvocationHelper.java:124)
at org.testng.internal.Invoker.invokeMethod(Invoker.java:583)
at org.testng.internal.Invoker.invokeTestMethod(Invoker.java:719)
at org.testng.internal.Invoker.invokeTestMethods(Invoker.java:989)
at org.testng.internal.TestMethodWorker.invokeTestMethods(TestMethodWorker.java:125)
at org.testng.internal.TestMethodWorker.run(TestMethodWorker.java:109)
at org.testng.TestRunner.privateRun(TestRunner.java:648)
at org.testng.TestRunner.run(TestRunner.java:505)
at org.testng.SuiteRunner.runTest(SuiteRunner.java:455)
at org.testng.SuiteRunner.runSequentially(SuiteRunner.java:450)
at org.testng.SuiteRunner.privateRun(SuiteRunner.java:415)
at org.testng.SuiteRunner.run(SuiteRunner.java:364)
at org.testng.SuiteRunnerWorker.runSuite(SuiteRunnerWorker.java:52)
at org.testng.SuiteRunnerWorker.run(SuiteRunnerWorker.java:84)
at org.testng.TestNG.runSuitesSequentially(TestNG.java:1208)
at org.testng.TestNG.runSuitesLocally(TestNG.java:1137)
at org.testng.TestNG.runSuites(TestNG.java:1049)
at org.testng.TestNG.run(TestNG.java:1017)
at org.testng.TestNG.privateMain(TestNG.java:1354)
at org.testng.TestNG.main(TestNG.java:1323)
Caused by: java.lang.ClassNotFoundException: com.aventstack.extentreports.reporter.ExtentHtmlReporter
at java.net.URLClassLoader.findClass(Unknown Source)
at java.lang.ClassLoader.loadClass(Unknown Source)
at sun.misc.Launcher$AppClassLoader.loadClass(Unknown Source)
at java.lang.ClassLoader.loadClass(Unknown Source)
... 25 more
]]>
            </full-stacktrace>
          </exception> <!-- java.lang.NoClassDefFoundError -->
          <reporter-output>
          </reporter-output>
        </test-method> <!-- Script2 -->
      </class> <!-- BlueStone2 -->
    </test> <!-- Test -->
  </suite> <!-- Suite -->
</testng-results>
