<?xml version="1.0" encoding="UTF-8"?>
<!-- Generated by org.testng.reporters.JUnitXMLReporter -->
<testsuite hostname="user" ignored="0" tests="1" failures="1" timestamp="14 May 2019 11:58:48 GMT" time="3.139" errors="0">
  <testcase name="Script2" time="3.117" classname="BlueStone2">
    <failure type="java.lang.NoClassDefFoundError" message="com/aventstack/extentreports/reporter/ExtentHtmlReporter">
      <![CDATA[java.lang.NoClassDefFoundError: com/aventstack/extentreports/reporter/ExtentHtmlReporter
at BlueStone2.Script2(BlueStone2.java:20)
Caused by: java.lang.ClassNotFoundException: com.aventstack.extentreports.reporter.ExtentHtmlReporter
at java.net.URLClassLoader.findClass(Unknown Source)
at java.lang.ClassLoader.loadClass(Unknown Source)
at sun.misc.Launcher$AppClassLoader.loadClass(Unknown Source)
at java.lang.ClassLoader.loadClass(Unknown Source)
... 25 more
... Removed 24 stack frames]]>
    </failure>
  </testcase> <!-- Script2 -->
</testsuite>
